#Packing pin usage report
Type: io
	Input Pin Usage:
		Max: 1.00 (0.50)
		Avg: 0.37 (0.19)
		Min: 0.00 (0.00)
		Histogram:
		[        0:      0.2) 162 ( 62.8%) |***********************************************
		[      0.2:      0.4)   0 (  0.0%) |
		[      0.4:      0.6)   0 (  0.0%) |
		[      0.6:      0.8)   0 (  0.0%) |
		[      0.8:        1)  96 ( 37.2%) |****************************
		[        1:      1.2)   0 (  0.0%) |
		[      1.2:      1.4)   0 (  0.0%) |
		[      1.4:      1.6)   0 (  0.0%) |
		[      1.6:      1.8)   0 (  0.0%) |
		[      1.8:        2)   0 (  0.0%) |
	Output Pin Usage:
		Max: 1.00 (1.00)
		Avg: 0.63 (0.63)
		Min: 0.00 (0.00)
		Histogram:
		[        0:      0.1)  96 ( 37.2%) |****************************
		[      0.1:      0.2)   0 (  0.0%) |
		[      0.2:      0.3)   0 (  0.0%) |
		[      0.3:      0.4)   0 (  0.0%) |
		[      0.4:      0.5)   0 (  0.0%) |
		[      0.5:      0.6)   0 (  0.0%) |
		[      0.6:      0.7)   0 (  0.0%) |
		[      0.7:      0.8)   0 (  0.0%) |
		[      0.8:      0.9)   0 (  0.0%) |
		[      0.9:        1) 162 ( 62.8%) |***********************************************

Type: clb
	Input Pin Usage:
		Max: 31.00 (0.76)
		Avg: 21.83 (0.53)
		Min: 0.00 (0.00)
		Histogram:
		[        0:      4.1)  3 (  8.3%) |**********
		[      4.1:      8.2)  0 (  0.0%) |
		[      8.2:       12)  0 (  0.0%) |
		[       12:       16)  0 (  0.0%) |
		[       16:       20)  6 ( 16.7%) |*********************
		[       20:       25) 14 ( 38.9%) |************************************************
		[       25:       29) 10 ( 27.8%) |**********************************
		[       29:       33)  3 (  8.3%) |**********
		[       33:       37)  0 (  0.0%) |
		[       37:       41)  0 (  0.0%) |
	Output Pin Usage:
		Max: 19.00 (0.95)
		Avg: 10.58 (0.53)
		Min: 1.00 (0.05)
		Histogram:
		[        0:        2) 3 (  8.3%) |***************
		[        2:        4) 0 (  0.0%) |
		[        4:        6) 3 (  8.3%) |***************
		[        6:        8) 5 ( 13.9%) |*************************
		[        8:       10) 3 (  8.3%) |***************
		[       10:       12) 10 ( 27.8%) |*************************************************
		[       12:       14) 7 ( 19.4%) |**********************************
		[       14:       16) 2 (  5.6%) |**********
		[       16:       18) 2 (  5.6%) |**********
		[       18:       20) 1 (  2.8%) |*****

Type: mult_36
	Input Pin Usage:
		Max: 68.00 (0.94)
		Avg: 65.60 (0.91)
		Min: 64.00 (0.89)
		Histogram:
		[        0:      7.2) 0 (  0.0%) |
		[      7.2:       14) 0 (  0.0%) |
		[       14:       22) 0 (  0.0%) |
		[       22:       29) 0 (  0.0%) |
		[       29:       36) 0 (  0.0%) |
		[       36:       43) 0 (  0.0%) |
		[       43:       50) 0 (  0.0%) |
		[       50:       58) 0 (  0.0%) |
		[       58:       65) 3 ( 60.0%) |*************************************************
		[       65:       72) 2 ( 40.0%) |*********************************
	Output Pin Usage:
		Max: 36.00 (0.50)
		Avg: 33.60 (0.47)
		Min: 32.00 (0.44)
		Histogram:
		[        0:      7.2) 0 (  0.0%) |
		[      7.2:       14) 0 (  0.0%) |
		[       14:       22) 0 (  0.0%) |
		[       22:       29) 0 (  0.0%) |
		[       29:       36) 5 (100.0%) |*************************************************
		[       36:       43) 0 (  0.0%) |
		[       43:       50) 0 (  0.0%) |
		[       50:       58) 0 (  0.0%) |
		[       58:       65) 0 (  0.0%) |
		[       65:       72) 0 (  0.0%) |

